<?xml version="1.0" encoding="UTF-8"?>
<!-- Generated by org.testng.reporters.JUnitReportReporter -->
<testsuite hostname="LAPTOP-1D78PSH8" name="testcases.VerifyEmail3" tests="3" failures="0" timestamp="14 Jul 2017 06:47:51 GMT" time="28.002" errors="0">
  <testcase name="testBatchUnread" time="7.407" classname="testcases.VerifyEmail3"/>
  <testcase name="testMarkAsUnread" time="8.849" classname="testcases.VerifyEmail3"/>
  <testcase name="testBatchRead" time="11.746" classname="testcases.VerifyEmail3"/>
</testsuite> <!-- testcases.VerifyEmail3 -->
