<?xml version="1.0" encoding="UTF-8"?>
<!-- Generated by org.testng.reporters.JUnitReportReporter -->
<testsuite hostname="LAPTOP-1D78PSH8" name="testcases.VerifyEmail2" tests="5" failures="0" timestamp="14 Jul 2017 06:47:51 GMT" time="29.398" errors="0">
  <testcase name="TestBatchMovetoInboxOfTrashEmail" time="8.150" classname="testcases.VerifyEmail2"/>
  <testcase name="testMoveToTrash" time="4.353" classname="testcases.VerifyEmail2"/>
  <testcase name="testMoveToInboxFromTrashListing" time="3.329" classname="testcases.VerifyEmail2"/>
  <testcase name="TestDeleteForever" time="4.527" classname="testcases.VerifyEmail2"/>
  <testcase name="TestBatchMoveToTrash" time="9.039" classname="testcases.VerifyEmail2"/>
</testsuite> <!-- testcases.VerifyEmail2 -->
