<?xml version="1.0" encoding="UTF-8"?>
<!-- Generated by org.testng.reporters.JUnitReportReporter -->
<testsuite hostname="LAPTOP-1D78PSH8" name="testcases.VerifyEmail4" tests="2" failures="0" timestamp="14 Jul 2017 06:47:51 GMT" time="24.877" errors="0">
  <testcase name="testBatchTagToTopic" time="14.069" classname="testcases.VerifyEmail4"/>
  <testcase name="testTagToTopic" time="10.808" classname="testcases.VerifyEmail4"/>
</testsuite> <!-- testcases.VerifyEmail4 -->
