<?xml version="1.0" encoding="UTF-8"?>
<!-- Generated by org.testng.reporters.JUnitReportReporter -->
<testsuite hostname="LAPTOP-1D78PSH8" name="testcases.VerifyEmail4" tests="2" failures="0" timestamp="12 Jul 2017 11:36:06 GMT" time="31.576" errors="0">
  <testcase name="testTagToTopic" time="14.329" classname="testcases.VerifyEmail4"/>
  <testcase name="testBatchTagToTopic" time="17.247" classname="testcases.VerifyEmail4"/>
</testsuite> <!-- testcases.VerifyEmail4 -->
