<?xml version="1.0" encoding="UTF-8"?>
<!-- Generated by org.testng.reporters.JUnitReportReporter -->
<testsuite hostname="LAPTOP-1D78PSH8" name="testcases.VerifyEmail1" tests="4" failures="0" timestamp="12 Jul 2017 11:36:06 GMT" time="51.019" errors="0">
  <testcase name="TestBatchMovetoInboxOfSpamEmail" time="22.577" classname="testcases.VerifyEmail1"/>
  <testcase name="testMoveToSpam" time="7.076" classname="testcases.VerifyEmail1"/>
  <testcase name="TestBatchMovetoSpamOfEmail" time="16.380" classname="testcases.VerifyEmail1"/>
  <testcase name="testMarkAsNotSpam" time="4.986" classname="testcases.VerifyEmail1"/>
</testsuite> <!-- testcases.VerifyEmail1 -->
