<?xml version="1.0" encoding="UTF-8"?>
<!-- Generated by org.testng.reporters.JUnitReportReporter -->
<testsuite hostname="LAPTOP-1D78PSH8" name="testcases.VerifyEmail" tests="5" failures="0" timestamp="13 Jul 2017 04:37:09 GMT" time="64.420" errors="0">
  <testcase name="TestBatchUnProcessingOfEmail" time="16.099" classname="testcases.VerifyEmail"/>
  <testcase name="testVerifySendingEmail" time="14.711" classname="testcases.VerifyEmail"/>
  <testcase name="TestUnProcessingOfEmail" time="5.525" classname="testcases.VerifyEmail"/>
  <testcase name="TestBatchProcessingOfEmail" time="19.011" classname="testcases.VerifyEmail"/>
  <testcase name="TestProcessingOfEmail" time="9.074" classname="testcases.VerifyEmail"/>
</testsuite> <!-- testcases.VerifyEmail -->
