<?xml version="1.0" encoding="UTF-8"?>
<!-- Generated by org.testng.reporters.JUnitReportReporter -->
<testsuite hostname="LAPTOP-1D78PSH8" name="testcases.VerifyEmail" tests="5" failures="0" timestamp="14 Jul 2017 06:47:51 GMT" time="39.777" errors="0">
  <testcase name="TestUnProcessingOfEmail" time="3.087" classname="testcases.VerifyEmail"/>
  <testcase name="TestBatchUnProcessingOfEmail" time="8.402" classname="testcases.VerifyEmail"/>
  <testcase name="TestBatchProcessingOfEmail" time="9.993" classname="testcases.VerifyEmail"/>
  <testcase name="testVerifySendingEmail" time="12.671" classname="testcases.VerifyEmail"/>
  <testcase name="TestProcessingOfEmail" time="5.624" classname="testcases.VerifyEmail"/>
</testsuite> <!-- testcases.VerifyEmail -->
