<?xml version="1.0" encoding="UTF-8"?>
<!-- Generated by org.testng.reporters.JUnitReportReporter -->
<testsuite hostname="LAPTOP-1D78PSH8" name="testcases.VerifyEmail5" tests="1" failures="0" timestamp="14 Jul 2017 06:48:35 GMT" time="10.865" errors="0">
  <testcase name="testTagToTopic" time="10.865" classname="testcases.VerifyEmail5"/>
</testsuite> <!-- testcases.VerifyEmail5 -->
