<?xml version="1.0" encoding="UTF-8"?>
<!-- Generated by org.testng.reporters.JUnitReportReporter -->
<testsuite hostname="LAPTOP-1D78PSH8" name="testcases.VerifyEmail1" tests="4" failures="0" timestamp="14 Jul 2017 06:47:51 GMT" time="25.542" errors="0">
  <testcase name="TestBatchMovetoInboxOfSpamEmail" time="9.369" classname="testcases.VerifyEmail1"/>
  <testcase name="TestBatchMovetoSpamOfEmail" time="8.844" classname="testcases.VerifyEmail1"/>
  <testcase name="testMarkAsNotSpam" time="2.880" classname="testcases.VerifyEmail1"/>
  <testcase name="testMoveToSpam" time="4.449" classname="testcases.VerifyEmail1"/>
</testsuite> <!-- testcases.VerifyEmail1 -->
