<?xml version="1.0" encoding="UTF-8"?>
<!-- Generated by org.testng.reporters.JUnitReportReporter -->
<testsuite hostname="LAPTOP-S0NUHBFQ" name="testcases.VerifyLogin" tests="1" failures="0" timestamp="11 Jul 2017 12:33:06 GMT" time="14.326" errors="0">
  <testcase name="logintoAppln" time="14.326" classname="testcases.VerifyLogin"/>
</testsuite> <!-- testcases.VerifyLogin -->
